2019-05-14 12:49:20.829  INFO 5716 --- [main] c.c.przychodnia.PrzychodniaApplication   : Starting PrzychodniaApplication on DESKTOP-K74ILC1 with PID 5716 (D:\przychodnia\przychodnia\target\classes started by Uzytkownik in D:\przychodnia\przychodnia)
2019-05-14 12:49:20.876  INFO 5716 --- [main] c.c.przychodnia.PrzychodniaApplication   : No active profile set, falling back to default profiles: default
2019-05-14 12:49:21.219  INFO 5716 --- [main] ConfigServletWebServerApplicationContext : Refreshing org.springframework.boot.web.servlet.context.AnnotationConfigServletWebServerApplicationContext@15d6a01: startup date [Tue May 14 12:49:21 CEST 2019]; root of context hierarchy
2019-05-14 12:49:27.610  INFO 5716 --- [main] trationDelegate$BeanPostProcessorChecker : Bean 'org.springframework.transaction.annotation.ProxyTransactionManagementConfiguration' of type [org.springframework.transaction.annotation.ProxyTransactionManagementConfiguration$$EnhancerBySpringCGLIB$$34bdf7ca] is not eligible for getting processed by all BeanPostProcessors (for example: not eligible for auto-proxying)
2019-05-14 12:49:30.407  INFO 5716 --- [main] o.s.b.w.embedded.tomcat.TomcatWebServer  : Tomcat initialized with port(s): 8080 (http)
2019-05-14 12:49:30.594  INFO 5716 --- [main] o.apache.catalina.core.StandardService   : Starting service [Tomcat]
2019-05-14 12:49:30.594  INFO 5716 --- [main] org.apache.catalina.core.StandardEngine  : Starting Servlet Engine: Apache Tomcat/8.5.31
2019-05-14 12:49:30.657  INFO 5716 --- [localhost-startStop-1] o.a.catalina.core.AprLifecycleListener   : The APR based Apache Tomcat Native library which allows optimal performance in production environments was not found on the java.library.path: [C:\Program Files\Java\jdk1.8.0_101\bin;C:\WINDOWS\Sun\Java\bin;C:\WINDOWS\system32;C:\WINDOWS;C:\ProgramData\Oracle\Java\javapath;C:\WINDOWS\system32;C:\WINDOWS;C:\WINDOWS\System32\Wbem;C:\WINDOWS\System32\WindowsPowerShell\v1.0\;C:\Program Files\Java\jdk1.8.0_101\bin;D:\Program Files\Heroku\bin;C:\Program Files\git\cmd;C:\Program Files\Git\cmd;D:\gradle-4.4\bin;D:\Program Files\Cloud Foundry;C:\WINDOWS\System32\OpenSSH\;D:\apache-maven-3.3.9\bin;C:\Users\Uzytkownik\AppData\Local\Microsoft\WindowsApps;;.]
2019-05-14 12:49:40.172  INFO 5716 --- [localhost-startStop-1] o.a.c.c.C.[Tomcat].[localhost].[/]       : Initializing Spring embedded WebApplicationContext
2019-05-14 12:49:40.172  INFO 5716 --- [localhost-startStop-1] o.s.web.context.ContextLoader            : Root WebApplicationContext: initialization completed in 18953 ms
2019-05-14 12:49:41.187  INFO 5716 --- [localhost-startStop-1] o.s.b.w.servlet.ServletRegistrationBean  : Servlet dispatcherServlet mapped to [/]
2019-05-14 12:49:41.219  INFO 5716 --- [localhost-startStop-1] o.s.b.w.servlet.FilterRegistrationBean   : Mapping filter: 'characterEncodingFilter' to: [/*]
2019-05-14 12:49:41.219  INFO 5716 --- [localhost-startStop-1] o.s.b.w.servlet.FilterRegistrationBean   : Mapping filter: 'hiddenHttpMethodFilter' to: [/*]
2019-05-14 12:49:41.219  INFO 5716 --- [localhost-startStop-1] o.s.b.w.servlet.FilterRegistrationBean   : Mapping filter: 'httpPutFormContentFilter' to: [/*]
2019-05-14 12:49:41.219  INFO 5716 --- [localhost-startStop-1] o.s.b.w.servlet.FilterRegistrationBean   : Mapping filter: 'requestContextFilter' to: [/*]
2019-05-14 12:49:42.547  INFO 5716 --- [main] com.zaxxer.hikari.HikariDataSource       : HikariPool-1 - Starting...
2019-05-14 12:49:43.969  INFO 5716 --- [main] com.zaxxer.hikari.HikariDataSource       : HikariPool-1 - Start completed.
2019-05-14 12:49:44.531  INFO 5716 --- [main] j.LocalContainerEntityManagerFactoryBean : Building JPA container EntityManagerFactory for persistence unit 'default'
2019-05-14 12:49:44.672  INFO 5716 --- [main] o.hibernate.jpa.internal.util.LogHelper  : HHH000204: Processing PersistenceUnitInfo [
	name: default
	...]
2019-05-14 12:49:46.406  INFO 5716 --- [main] org.hibernate.Version                    : HHH000412: Hibernate Core {5.2.17.Final}
2019-05-14 12:49:46.437  INFO 5716 --- [main] org.hibernate.cfg.Environment            : HHH000206: hibernate.properties not found
2019-05-14 12:49:47.422  INFO 5716 --- [main] o.hibernate.annotations.common.Version   : HCANN000001: Hibernate Commons Annotations {5.0.1.Final}
2019-05-14 12:49:49.062  INFO 5716 --- [main] org.hibernate.dialect.Dialect            : HHH000400: Using dialect: org.hibernate.dialect.H2Dialect
2019-05-14 12:49:51.796  INFO 5716 --- [main] o.h.t.schema.internal.SchemaCreatorImpl  : HHH000476: Executing import script 'org.hibernate.tool.schema.internal.exec.ScriptSourceInputNonExistentImpl@ab3814'
2019-05-14 12:49:51.796  INFO 5716 --- [main] j.LocalContainerEntityManagerFactoryBean : Initialized JPA EntityManagerFactory for persistence unit 'default'
2019-05-14 12:49:53.312  INFO 5716 --- [main] o.s.w.s.handler.SimpleUrlHandlerMapping  : Mapped URL path [/**/favicon.ico] onto handler of type [class org.springframework.web.servlet.resource.ResourceHttpRequestHandler]
2019-05-14 12:49:54.359  INFO 5716 --- [main] s.w.s.m.m.a.RequestMappingHandlerAdapter : Looking for @ControllerAdvice: org.springframework.boot.web.servlet.context.AnnotationConfigServletWebServerApplicationContext@15d6a01: startup date [Tue May 14 12:49:21 CEST 2019]; root of context hierarchy
2019-05-14 12:49:54.546  WARN 5716 --- [main] aWebConfiguration$JpaWebMvcConfiguration : spring.jpa.open-in-view is enabled by default. Therefore, database queries may be performed during view rendering. Explicitly configure spring.jpa.open-in-view to disable this warning
2019-05-14 12:49:54.703  INFO 5716 --- [main] s.w.s.m.m.a.RequestMappingHandlerMapping : Mapped "{[/],methods=[GET]}" onto public java.lang.String com.company.przychodnia.controller.PrzychodniaController.homePage(org.springframework.ui.Model)
2019-05-14 12:49:54.703  INFO 5716 --- [main] s.w.s.m.m.a.RequestMappingHandlerMapping : Mapped "{[/oferta],methods=[GET]}" onto public java.lang.String com.company.przychodnia.controller.PrzychodniaController.oferta()
2019-05-14 12:49:54.718  INFO 5716 --- [main] s.w.s.m.m.a.RequestMappingHandlerMapping : Mapped "{[/kontakt],methods=[GET]}" onto public java.lang.String com.company.przychodnia.controller.PrzychodniaController.kontakt()
2019-05-14 12:49:54.718  INFO 5716 --- [main] s.w.s.m.m.a.RequestMappingHandlerMapping : Mapped "{[/aktualnosci],methods=[GET]}" onto public java.lang.String com.company.przychodnia.controller.PrzychodniaController.aktualnosci(org.springframework.ui.Model)
2019-05-14 12:49:54.734  INFO 5716 --- [main] s.w.s.m.m.a.RequestMappingHandlerMapping : Mapped "{[/wiadomosci/zmien/{id}],methods=[GET]}" onto public java.lang.String com.company.przychodnia.controller.WiadomosciController.dodajWiadomoscFormularz(java.lang.String,org.springframework.ui.Model)
2019-05-14 12:49:54.734  INFO 5716 --- [main] s.w.s.m.m.a.RequestMappingHandlerMapping : Mapped "{[/wiadomosci/dodaj],methods=[GET]}" onto public java.lang.String com.company.przychodnia.controller.WiadomosciController.dodajWiadomoscFormularz(org.springframework.ui.Model)
2019-05-14 12:49:54.734  INFO 5716 --- [main] s.w.s.m.m.a.RequestMappingHandlerMapping : Mapped "{[/wiadomosci],methods=[GET]}" onto public java.lang.String com.company.przychodnia.controller.WiadomosciController.wyswietlWiadomosci(org.springframework.ui.Model)
2019-05-14 12:49:54.734  INFO 5716 --- [main] s.w.s.m.m.a.RequestMappingHandlerMapping : Mapped "{[/wiadomosci/dodaj],methods=[POST]}" onto public java.lang.String com.company.przychodnia.controller.WiadomosciController.dodajWiadomosc(com.company.przychodnia.domain.Wiadomosc)
2019-05-14 12:49:54.734  INFO 5716 --- [main] s.w.s.m.m.a.RequestMappingHandlerMapping : Mapped "{[/wiadomosci/usun/{id}],methods=[GET]}" onto public java.lang.String com.company.przychodnia.controller.WiadomosciController.usunWiadomosc(java.lang.String)
2019-05-14 12:49:54.749  INFO 5716 --- [main] s.w.s.m.m.a.RequestMappingHandlerMapping : Mapped "{[/error]}" onto public org.springframework.http.ResponseEntity<java.util.Map<java.lang.String, java.lang.Object>> org.springframework.boot.autoconfigure.web.servlet.error.BasicErrorController.error(javax.servlet.http.HttpServletRequest)
2019-05-14 12:49:54.749  INFO 5716 --- [main] s.w.s.m.m.a.RequestMappingHandlerMapping : Mapped "{[/error],produces=[text/html]}" onto public org.springframework.web.servlet.ModelAndView org.springframework.boot.autoconfigure.web.servlet.error.BasicErrorController.errorHtml(javax.servlet.http.HttpServletRequest,javax.servlet.http.HttpServletResponse)
2019-05-14 12:49:54.859  INFO 5716 --- [main] o.s.w.s.handler.SimpleUrlHandlerMapping  : Mapped URL path [/webjars/**] onto handler of type [class org.springframework.web.servlet.resource.ResourceHttpRequestHandler]
2019-05-14 12:49:54.859  INFO 5716 --- [main] o.s.w.s.handler.SimpleUrlHandlerMapping  : Mapped URL path [/**] onto handler of type [class org.springframework.web.servlet.resource.ResourceHttpRequestHandler]
2019-05-14 12:49:55.453  INFO 5716 --- [main] o.s.b.a.w.s.WelcomePageHandlerMapping    : Adding welcome page template: index
2019-05-14 12:49:56.546  INFO 5716 --- [main] o.s.j.e.a.AnnotationMBeanExporter        : Registering beans for JMX exposure on startup
2019-05-14 12:49:56.546  INFO 5716 --- [main] o.s.j.e.a.AnnotationMBeanExporter        : Bean with name 'dataSource' has been autodetected for JMX exposure
2019-05-14 12:49:56.593  INFO 5716 --- [main] o.s.j.e.a.AnnotationMBeanExporter        : Located MBean 'dataSource': registering with JMX server as MBean [com.zaxxer.hikari:name=dataSource,type=HikariDataSource]
2019-05-14 12:49:56.781  INFO 5716 --- [main] o.s.b.w.embedded.tomcat.TomcatWebServer  : Tomcat started on port(s): 8080 (http) with context path ''
2019-05-14 12:49:56.812  INFO 5716 --- [main] c.c.przychodnia.PrzychodniaApplication   : Started PrzychodniaApplication in 38.202 seconds (JVM running for 41.209)
2019-05-14 12:49:57.203  INFO 5716 --- [main] com.company.przychodnia.DataLoader       : Dodano wiadomosci do bazy danych
2019-05-14 13:48:41.946  WARN 5716 --- [HikariPool-1 housekeeper] com.zaxxer.hikari.pool.HikariPool        : HikariPool-1 - Thread starvation or clock leap detected (housekeeper delta=53m57s672ms749µs706ns).
2019-05-14 13:48:56.298  INFO 5716 --- [http-nio-8080-exec-1] o.a.c.c.C.[Tomcat].[localhost].[/]       : Initializing Spring FrameworkServlet 'dispatcherServlet'
2019-05-14 13:48:56.298  INFO 5716 --- [http-nio-8080-exec-1] o.s.web.servlet.DispatcherServlet        : FrameworkServlet 'dispatcherServlet': initialization started
2019-05-14 13:48:56.704  INFO 5716 --- [http-nio-8080-exec-1] o.s.web.servlet.DispatcherServlet        : FrameworkServlet 'dispatcherServlet': initialization completed in 406 ms
2019-05-14 13:48:57.157  INFO 5716 --- [http-nio-8080-exec-1] o.h.h.i.QueryTranslatorFactoryInitiator  : HHH000397: Using ASTQueryTranslatorFactory
2019-05-14 14:08:13.629  WARN 5716 --- [HikariPool-1 housekeeper] com.zaxxer.hikari.pool.HikariPool        : HikariPool-1 - Thread starvation or clock leap detected (housekeeper delta=17m1s612ms173µs900ns).
2019-05-14 14:33:23.121  INFO 9296 --- [main] c.c.przychodnia.PrzychodniaApplication   : Starting PrzychodniaApplication on DESKTOP-K74ILC1 with PID 9296 (D:\przychodnia\przychodnia\target\classes started by Uzytkownik in D:\przychodnia\przychodnia)
2019-05-14 14:33:23.137  INFO 9296 --- [main] c.c.przychodnia.PrzychodniaApplication   : No active profile set, falling back to default profiles: default
2019-05-14 14:33:23.340  INFO 9296 --- [main] ConfigServletWebServerApplicationContext : Refreshing org.springframework.boot.web.servlet.context.AnnotationConfigServletWebServerApplicationContext@73d930: startup date [Tue May 14 14:33:23 CEST 2019]; root of context hierarchy
2019-05-14 14:33:28.027  INFO 9296 --- [main] trationDelegate$BeanPostProcessorChecker : Bean 'org.springframework.transaction.annotation.ProxyTransactionManagementConfiguration' of type [org.springframework.transaction.annotation.ProxyTransactionManagementConfiguration$$EnhancerBySpringCGLIB$$a85324c9] is not eligible for getting processed by all BeanPostProcessors (for example: not eligible for auto-proxying)
2019-05-14 14:33:29.730  INFO 9296 --- [main] o.s.b.w.embedded.tomcat.TomcatWebServer  : Tomcat initialized with port(s): 8080 (http)
2019-05-14 14:33:29.840  INFO 9296 --- [main] o.apache.catalina.core.StandardService   : Starting service [Tomcat]
2019-05-14 14:33:29.840  INFO 9296 --- [main] org.apache.catalina.core.StandardEngine  : Starting Servlet Engine: Apache Tomcat/8.5.31
2019-05-14 14:33:29.887  INFO 9296 --- [localhost-startStop-1] o.a.catalina.core.AprLifecycleListener   : The APR based Apache Tomcat Native library which allows optimal performance in production environments was not found on the java.library.path: [C:\Program Files\Java\jdk1.8.0_101\bin;C:\WINDOWS\Sun\Java\bin;C:\WINDOWS\system32;C:\WINDOWS;C:\ProgramData\Oracle\Java\javapath;C:\WINDOWS\system32;C:\WINDOWS;C:\WINDOWS\System32\Wbem;C:\WINDOWS\System32\WindowsPowerShell\v1.0\;C:\Program Files\Java\jdk1.8.0_101\bin;D:\Program Files\Heroku\bin;C:\Program Files\git\cmd;C:\Program Files\Git\cmd;D:\gradle-4.4\bin;D:\Program Files\Cloud Foundry;C:\WINDOWS\System32\OpenSSH\;D:\apache-maven-3.3.9\bin;C:\Users\Uzytkownik\AppData\Local\Microsoft\WindowsApps;;.]
2019-05-14 14:33:33.402  INFO 9296 --- [localhost-startStop-1] o.a.c.c.C.[Tomcat].[localhost].[/]       : Initializing Spring embedded WebApplicationContext
2019-05-14 14:33:33.402  INFO 9296 --- [localhost-startStop-1] o.s.web.context.ContextLoader            : Root WebApplicationContext: initialization completed in 10062 ms
2019-05-14 14:33:33.918  INFO 9296 --- [localhost-startStop-1] o.s.b.w.servlet.ServletRegistrationBean  : Servlet dispatcherServlet mapped to [/]
2019-05-14 14:33:33.933  INFO 9296 --- [localhost-startStop-1] o.s.b.w.servlet.FilterRegistrationBean   : Mapping filter: 'characterEncodingFilter' to: [/*]
2019-05-14 14:33:33.933  INFO 9296 --- [localhost-startStop-1] o.s.b.w.servlet.FilterRegistrationBean   : Mapping filter: 'hiddenHttpMethodFilter' to: [/*]
2019-05-14 14:33:33.933  INFO 9296 --- [localhost-startStop-1] o.s.b.w.servlet.FilterRegistrationBean   : Mapping filter: 'httpPutFormContentFilter' to: [/*]
2019-05-14 14:33:33.949  INFO 9296 --- [localhost-startStop-1] o.s.b.w.servlet.FilterRegistrationBean   : Mapping filter: 'requestContextFilter' to: [/*]
2019-05-14 14:33:34.699  INFO 9296 --- [main] com.zaxxer.hikari.HikariDataSource       : HikariPool-1 - Starting...
2019-05-14 14:33:35.480  INFO 9296 --- [main] com.zaxxer.hikari.HikariDataSource       : HikariPool-1 - Start completed.
2019-05-14 14:33:35.730  INFO 9296 --- [main] j.LocalContainerEntityManagerFactoryBean : Building JPA container EntityManagerFactory for persistence unit 'default'
2019-05-14 14:33:35.808  INFO 9296 --- [main] o.hibernate.jpa.internal.util.LogHelper  : HHH000204: Processing PersistenceUnitInfo [
	name: default
	...]
2019-05-14 14:33:36.230  INFO 9296 --- [main] org.hibernate.Version                    : HHH000412: Hibernate Core {5.2.17.Final}
2019-05-14 14:33:36.246  INFO 9296 --- [main] org.hibernate.cfg.Environment            : HHH000206: hibernate.properties not found
2019-05-14 14:33:36.449  INFO 9296 --- [main] o.hibernate.annotations.common.Version   : HCANN000001: Hibernate Commons Annotations {5.0.1.Final}
2019-05-14 14:33:37.308  INFO 9296 --- [main] org.hibernate.dialect.Dialect            : HHH000400: Using dialect: org.hibernate.dialect.H2Dialect
2019-05-14 14:33:39.793  INFO 9296 --- [main] o.h.t.schema.internal.SchemaCreatorImpl  : HHH000476: Executing import script 'org.hibernate.tool.schema.internal.exec.ScriptSourceInputNonExistentImpl@1d4ac52'
2019-05-14 14:33:39.808  INFO 9296 --- [main] j.LocalContainerEntityManagerFactoryBean : Initialized JPA EntityManagerFactory for persistence unit 'default'
2019-05-14 14:33:41.464  INFO 9296 --- [main] o.s.w.s.handler.SimpleUrlHandlerMapping  : Mapped URL path [/**/favicon.ico] onto handler of type [class org.springframework.web.servlet.resource.ResourceHttpRequestHandler]
2019-05-14 14:33:42.527  INFO 9296 --- [main] s.w.s.m.m.a.RequestMappingHandlerAdapter : Looking for @ControllerAdvice: org.springframework.boot.web.servlet.context.AnnotationConfigServletWebServerApplicationContext@73d930: startup date [Tue May 14 14:33:23 CEST 2019]; root of context hierarchy
2019-05-14 14:33:42.714  WARN 9296 --- [main] aWebConfiguration$JpaWebMvcConfiguration : spring.jpa.open-in-view is enabled by default. Therefore, database queries may be performed during view rendering. Explicitly configure spring.jpa.open-in-view to disable this warning
2019-05-14 14:33:42.871  INFO 9296 --- [main] s.w.s.m.m.a.RequestMappingHandlerMapping : Mapped "{[/aktualnosci],methods=[GET]}" onto public java.lang.String com.company.przychodnia.controller.PrzychodniaController.aktualnosci(org.springframework.ui.Model)
2019-05-14 14:33:42.871  INFO 9296 --- [main] s.w.s.m.m.a.RequestMappingHandlerMapping : Mapped "{[/],methods=[GET]}" onto public java.lang.String com.company.przychodnia.controller.PrzychodniaController.homePage(org.springframework.ui.Model)
2019-05-14 14:33:42.871  INFO 9296 --- [main] s.w.s.m.m.a.RequestMappingHandlerMapping : Mapped "{[/oferta],methods=[GET]}" onto public java.lang.String com.company.przychodnia.controller.PrzychodniaController.oferta()
2019-05-14 14:33:42.871  INFO 9296 --- [main] s.w.s.m.m.a.RequestMappingHandlerMapping : Mapped "{[/kontakt],methods=[GET]}" onto public java.lang.String com.company.przychodnia.controller.PrzychodniaController.kontakt()
2019-05-14 14:33:42.902  INFO 9296 --- [main] s.w.s.m.m.a.RequestMappingHandlerMapping : Mapped "{[/wiadomosci/dodaj],methods=[POST]}" onto public java.lang.String com.company.przychodnia.controller.WiadomosciController.dodajWiadomosc(com.company.przychodnia.domain.Wiadomosc)
2019-05-14 14:33:42.902  INFO 9296 --- [main] s.w.s.m.m.a.RequestMappingHandlerMapping : Mapped "{[/wiadomosci/usun/{id}],methods=[GET]}" onto public java.lang.String com.company.przychodnia.controller.WiadomosciController.usunWiadomosc(java.lang.String)
2019-05-14 14:33:42.902  INFO 9296 --- [main] s.w.s.m.m.a.RequestMappingHandlerMapping : Mapped "{[/wiadomosci/dodaj],methods=[GET]}" onto public java.lang.String com.company.przychodnia.controller.WiadomosciController.dodajWiadomoscFormularz(org.springframework.ui.Model)
2019-05-14 14:33:42.902  INFO 9296 --- [main] s.w.s.m.m.a.RequestMappingHandlerMapping : Mapped "{[/wiadomosci/zmien/{id}],methods=[GET]}" onto public java.lang.String com.company.przychodnia.controller.WiadomosciController.dodajWiadomoscFormularz(java.lang.String,org.springframework.ui.Model)
2019-05-14 14:33:42.902  INFO 9296 --- [main] s.w.s.m.m.a.RequestMappingHandlerMapping : Mapped "{[/wiadomosci],methods=[GET]}" onto public java.lang.String com.company.przychodnia.controller.WiadomosciController.wyswietlWiadomosci(org.springframework.ui.Model)
2019-05-14 14:33:42.918  INFO 9296 --- [main] s.w.s.m.m.a.RequestMappingHandlerMapping : Mapped "{[/error]}" onto public org.springframework.http.ResponseEntity<java.util.Map<java.lang.String, java.lang.Object>> org.springframework.boot.autoconfigure.web.servlet.error.BasicErrorController.error(javax.servlet.http.HttpServletRequest)
2019-05-14 14:33:42.918  INFO 9296 --- [main] s.w.s.m.m.a.RequestMappingHandlerMapping : Mapped "{[/error],produces=[text/html]}" onto public org.springframework.web.servlet.ModelAndView org.springframework.boot.autoconfigure.web.servlet.error.BasicErrorController.errorHtml(javax.servlet.http.HttpServletRequest,javax.servlet.http.HttpServletResponse)
2019-05-14 14:33:43.027  INFO 9296 --- [main] o.s.w.s.handler.SimpleUrlHandlerMapping  : Mapped URL path [/webjars/**] onto handler of type [class org.springframework.web.servlet.resource.ResourceHttpRequestHandler]
2019-05-14 14:33:43.027  INFO 9296 --- [main] o.s.w.s.handler.SimpleUrlHandlerMapping  : Mapped URL path [/**] onto handler of type [class org.springframework.web.servlet.resource.ResourceHttpRequestHandler]
2019-05-14 14:33:43.496  INFO 9296 --- [main] o.s.b.a.w.s.WelcomePageHandlerMapping    : Adding welcome page template: index
2019-05-14 14:33:44.324  INFO 9296 --- [main] o.s.j.e.a.AnnotationMBeanExporter        : Registering beans for JMX exposure on startup
2019-05-14 14:33:44.324  INFO 9296 --- [main] o.s.j.e.a.AnnotationMBeanExporter        : Bean with name 'dataSource' has been autodetected for JMX exposure
2019-05-14 14:33:44.355  INFO 9296 --- [main] o.s.j.e.a.AnnotationMBeanExporter        : Located MBean 'dataSource': registering with JMX server as MBean [com.zaxxer.hikari:name=dataSource,type=HikariDataSource]
2019-05-14 14:33:44.496  INFO 9296 --- [main] o.s.b.w.embedded.tomcat.TomcatWebServer  : Tomcat started on port(s): 8080 (http) with context path ''
2019-05-14 14:33:44.511  INFO 9296 --- [main] c.c.przychodnia.PrzychodniaApplication   : Started PrzychodniaApplication in 23.452 seconds (JVM running for 52.482)
2019-05-14 14:33:44.808  INFO 9296 --- [main] com.company.przychodnia.DataLoader       : Dodano wiadomosci do bazy danych
2019-05-14 14:34:53.286  INFO 9296 --- [http-nio-8080-exec-1] o.a.c.c.C.[Tomcat].[localhost].[/]       : Initializing Spring FrameworkServlet 'dispatcherServlet'
2019-05-14 14:34:53.286  INFO 9296 --- [http-nio-8080-exec-1] o.s.web.servlet.DispatcherServlet        : FrameworkServlet 'dispatcherServlet': initialization started
2019-05-14 14:34:53.348  INFO 9296 --- [http-nio-8080-exec-1] o.s.web.servlet.DispatcherServlet        : FrameworkServlet 'dispatcherServlet': initialization completed in 62 ms
2019-05-14 14:34:54.082  INFO 9296 --- [http-nio-8080-exec-1] o.h.h.i.QueryTranslatorFactoryInitiator  : HHH000397: Using ASTQueryTranslatorFactory
2019-05-14 14:37:07.763  INFO 8904 --- [main] c.c.przychodnia.PrzychodniaApplication   : Starting PrzychodniaApplication on DESKTOP-K74ILC1 with PID 8904 (D:\przychodnia\przychodnia\target\classes started by Uzytkownik in D:\przychodnia\przychodnia)
2019-05-14 14:37:07.763  INFO 8904 --- [main] c.c.przychodnia.PrzychodniaApplication   : No active profile set, falling back to default profiles: default
2019-05-14 14:37:07.966  INFO 8904 --- [main] ConfigServletWebServerApplicationContext : Refreshing org.springframework.boot.web.servlet.context.AnnotationConfigServletWebServerApplicationContext@8e4374: startup date [Tue May 14 14:37:07 CEST 2019]; root of context hierarchy
2019-05-14 14:37:12.934  INFO 8904 --- [main] trationDelegate$BeanPostProcessorChecker : Bean 'org.springframework.transaction.annotation.ProxyTransactionManagementConfiguration' of type [org.springframework.transaction.annotation.ProxyTransactionManagementConfiguration$$EnhancerBySpringCGLIB$$2ce4448c] is not eligible for getting processed by all BeanPostProcessors (for example: not eligible for auto-proxying)
2019-05-14 14:37:14.794  INFO 8904 --- [main] o.s.b.w.embedded.tomcat.TomcatWebServer  : Tomcat initialized with port(s): 8080 (http)
2019-05-14 14:37:14.934  INFO 8904 --- [main] o.apache.catalina.core.StandardService   : Starting service [Tomcat]
2019-05-14 14:37:14.950  INFO 8904 --- [main] org.apache.catalina.core.StandardEngine  : Starting Servlet Engine: Apache Tomcat/8.5.31
2019-05-14 14:37:14.981  INFO 8904 --- [localhost-startStop-1] o.a.catalina.core.AprLifecycleListener   : The APR based Apache Tomcat Native library which allows optimal performance in production environments was not found on the java.library.path: [C:\Program Files\Java\jdk1.8.0_101\bin;C:\WINDOWS\Sun\Java\bin;C:\WINDOWS\system32;C:\WINDOWS;C:\ProgramData\Oracle\Java\javapath;C:\WINDOWS\system32;C:\WINDOWS;C:\WINDOWS\System32\Wbem;C:\WINDOWS\System32\WindowsPowerShell\v1.0\;C:\Program Files\Java\jdk1.8.0_101\bin;D:\Program Files\Heroku\bin;C:\Program Files\git\cmd;C:\Program Files\Git\cmd;D:\gradle-4.4\bin;D:\Program Files\Cloud Foundry;C:\WINDOWS\System32\OpenSSH\;D:\apache-maven-3.3.9\bin;C:\Users\Uzytkownik\AppData\Local\Microsoft\WindowsApps;;.]
2019-05-14 14:37:19.700  INFO 8904 --- [localhost-startStop-1] o.a.c.c.C.[Tomcat].[localhost].[/]       : Initializing Spring embedded WebApplicationContext
2019-05-14 14:37:19.715  INFO 8904 --- [localhost-startStop-1] o.s.web.context.ContextLoader            : Root WebApplicationContext: initialization completed in 11749 ms
2019-05-14 14:37:20.294  INFO 8904 --- [localhost-startStop-1] o.s.b.w.servlet.ServletRegistrationBean  : Servlet dispatcherServlet mapped to [/]
2019-05-14 14:37:20.309  INFO 8904 --- [localhost-startStop-1] o.s.b.w.servlet.FilterRegistrationBean   : Mapping filter: 'characterEncodingFilter' to: [/*]
2019-05-14 14:37:20.309  INFO 8904 --- [localhost-startStop-1] o.s.b.w.servlet.FilterRegistrationBean   : Mapping filter: 'hiddenHttpMethodFilter' to: [/*]
2019-05-14 14:37:20.309  INFO 8904 --- [localhost-startStop-1] o.s.b.w.servlet.FilterRegistrationBean   : Mapping filter: 'httpPutFormContentFilter' to: [/*]
2019-05-14 14:37:20.309  INFO 8904 --- [localhost-startStop-1] o.s.b.w.servlet.FilterRegistrationBean   : Mapping filter: 'requestContextFilter' to: [/*]
2019-05-14 14:37:21.247  INFO 8904 --- [main] com.zaxxer.hikari.HikariDataSource       : HikariPool-1 - Starting...
2019-05-14 14:37:22.090  INFO 8904 --- [main] com.zaxxer.hikari.HikariDataSource       : HikariPool-1 - Start completed.
2019-05-14 14:37:22.340  INFO 8904 --- [main] j.LocalContainerEntityManagerFactoryBean : Building JPA container EntityManagerFactory for persistence unit 'default'
2019-05-14 14:37:22.481  INFO 8904 --- [main] o.hibernate.jpa.internal.util.LogHelper  : HHH000204: Processing PersistenceUnitInfo [
	name: default
	...]
2019-05-14 14:37:22.997  INFO 8904 --- [main] org.hibernate.Version                    : HHH000412: Hibernate Core {5.2.17.Final}
2019-05-14 14:37:22.997  INFO 8904 --- [main] org.hibernate.cfg.Environment            : HHH000206: hibernate.properties not found
2019-05-14 14:37:23.340  INFO 8904 --- [main] o.hibernate.annotations.common.Version   : HCANN000001: Hibernate Commons Annotations {5.0.1.Final}
2019-05-14 14:37:24.106  INFO 8904 --- [main] org.hibernate.dialect.Dialect            : HHH000400: Using dialect: org.hibernate.dialect.H2Dialect
2019-05-14 14:37:28.059  INFO 8904 --- [main] o.h.t.schema.internal.SchemaCreatorImpl  : HHH000476: Executing import script 'org.hibernate.tool.schema.internal.exec.ScriptSourceInputNonExistentImpl@1169009'
2019-05-14 14:37:28.075  INFO 8904 --- [main] j.LocalContainerEntityManagerFactoryBean : Initialized JPA EntityManagerFactory for persistence unit 'default'
2019-05-14 14:37:29.840  INFO 8904 --- [main] o.s.w.s.handler.SimpleUrlHandlerMapping  : Mapped URL path [/**/favicon.ico] onto handler of type [class org.springframework.web.servlet.resource.ResourceHttpRequestHandler]
2019-05-14 14:37:31.074  INFO 8904 --- [main] s.w.s.m.m.a.RequestMappingHandlerAdapter : Looking for @ControllerAdvice: org.springframework.boot.web.servlet.context.AnnotationConfigServletWebServerApplicationContext@8e4374: startup date [Tue May 14 14:37:07 CEST 2019]; root of context hierarchy
2019-05-14 14:37:31.293  WARN 8904 --- [main] aWebConfiguration$JpaWebMvcConfiguration : spring.jpa.open-in-view is enabled by default. Therefore, database queries may be performed during view rendering. Explicitly configure spring.jpa.open-in-view to disable this warning
2019-05-14 14:37:31.496  INFO 8904 --- [main] s.w.s.m.m.a.RequestMappingHandlerMapping : Mapped "{[/aktualnosci],methods=[GET]}" onto public java.lang.String com.company.przychodnia.controller.PrzychodniaController.aktualnosci(org.springframework.ui.Model)
2019-05-14 14:37:31.496  INFO 8904 --- [main] s.w.s.m.m.a.RequestMappingHandlerMapping : Mapped "{[/oferta],methods=[GET]}" onto public java.lang.String com.company.przychodnia.controller.PrzychodniaController.oferta()
2019-05-14 14:37:31.496  INFO 8904 --- [main] s.w.s.m.m.a.RequestMappingHandlerMapping : Mapped "{[/kontakt],methods=[GET]}" onto public java.lang.String com.company.przychodnia.controller.PrzychodniaController.kontakt()
2019-05-14 14:37:31.496  INFO 8904 --- [main] s.w.s.m.m.a.RequestMappingHandlerMapping : Mapped "{[/],methods=[GET]}" onto public java.lang.String com.company.przychodnia.controller.PrzychodniaController.homePage(org.springframework.ui.Model)
2019-05-14 14:37:31.528  INFO 8904 --- [main] s.w.s.m.m.a.RequestMappingHandlerMapping : Mapped "{[/wiadomosci],methods=[GET]}" onto public java.lang.String com.company.przychodnia.controller.WiadomosciController.wyswietlWiadomosci(org.springframework.ui.Model)
2019-05-14 14:37:31.528  INFO 8904 --- [main] s.w.s.m.m.a.RequestMappingHandlerMapping : Mapped "{[/wiadomosci/zmien/{id}],methods=[GET]}" onto public java.lang.String com.company.przychodnia.controller.WiadomosciController.dodajWiadomoscFormularz(java.lang.String,org.springframework.ui.Model)
2019-05-14 14:37:31.528  INFO 8904 --- [main] s.w.s.m.m.a.RequestMappingHandlerMapping : Mapped "{[/wiadomosci/dodaj],methods=[GET]}" onto public java.lang.String com.company.przychodnia.controller.WiadomosciController.dodajWiadomoscFormularz(org.springframework.ui.Model)
2019-05-14 14:37:31.528  INFO 8904 --- [main] s.w.s.m.m.a.RequestMappingHandlerMapping : Mapped "{[/wiadomosci/dodaj],methods=[POST]}" onto public java.lang.String com.company.przychodnia.controller.WiadomosciController.dodajWiadomosc(com.company.przychodnia.domain.Wiadomosc)
2019-05-14 14:37:31.528  INFO 8904 --- [main] s.w.s.m.m.a.RequestMappingHandlerMapping : Mapped "{[/wiadomosci/usun/{id}],methods=[GET]}" onto public java.lang.String com.company.przychodnia.controller.WiadomosciController.usunWiadomosc(java.lang.String)
2019-05-14 14:37:31.543  INFO 8904 --- [main] s.w.s.m.m.a.RequestMappingHandlerMapping : Mapped "{[/error]}" onto public org.springframework.http.ResponseEntity<java.util.Map<java.lang.String, java.lang.Object>> org.springframework.boot.autoconfigure.web.servlet.error.BasicErrorController.error(javax.servlet.http.HttpServletRequest)
2019-05-14 14:37:31.543  INFO 8904 --- [main] s.w.s.m.m.a.RequestMappingHandlerMapping : Mapped "{[/error],produces=[text/html]}" onto public org.springframework.web.servlet.ModelAndView org.springframework.boot.autoconfigure.web.servlet.error.BasicErrorController.errorHtml(javax.servlet.http.HttpServletRequest,javax.servlet.http.HttpServletResponse)
2019-05-14 14:37:31.668  INFO 8904 --- [main] o.s.w.s.handler.SimpleUrlHandlerMapping  : Mapped URL path [/webjars/**] onto handler of type [class org.springframework.web.servlet.resource.ResourceHttpRequestHandler]
2019-05-14 14:37:31.668  INFO 8904 --- [main] o.s.w.s.handler.SimpleUrlHandlerMapping  : Mapped URL path [/**] onto handler of type [class org.springframework.web.servlet.resource.ResourceHttpRequestHandler]
2019-05-14 14:37:32.324  INFO 8904 --- [main] o.s.b.a.w.s.WelcomePageHandlerMapping    : Adding welcome page template: index
2019-05-14 14:37:33.231  INFO 8904 --- [main] o.s.j.e.a.AnnotationMBeanExporter        : Registering beans for JMX exposure on startup
2019-05-14 14:37:33.246  INFO 8904 --- [main] o.s.j.e.a.AnnotationMBeanExporter        : Bean with name 'dataSource' has been autodetected for JMX exposure
2019-05-14 14:37:33.262  INFO 8904 --- [main] o.s.j.e.a.AnnotationMBeanExporter        : Located MBean 'dataSource': registering with JMX server as MBean [com.zaxxer.hikari:name=dataSource,type=HikariDataSource]
2019-05-14 14:37:33.449  INFO 8904 --- [main] o.s.b.w.embedded.tomcat.TomcatWebServer  : Tomcat started on port(s): 8080 (http) with context path ''
2019-05-14 14:37:33.465  INFO 8904 --- [main] c.c.przychodnia.PrzychodniaApplication   : Started PrzychodniaApplication in 27.874 seconds (JVM running for 36.43)
2019-05-14 14:37:34.090  INFO 8904 --- [main] com.company.przychodnia.DataLoader       : Dodano wiadomosci do bazy danych
2019-05-14 14:37:37.121  INFO 8904 --- [http-nio-8080-exec-1] o.a.c.c.C.[Tomcat].[localhost].[/]       : Initializing Spring FrameworkServlet 'dispatcherServlet'
2019-05-14 14:37:37.121  INFO 8904 --- [http-nio-8080-exec-1] o.s.web.servlet.DispatcherServlet        : FrameworkServlet 'dispatcherServlet': initialization started
2019-05-14 14:37:37.184  INFO 8904 --- [http-nio-8080-exec-1] o.s.web.servlet.DispatcherServlet        : FrameworkServlet 'dispatcherServlet': initialization completed in 63 ms
2019-05-14 14:37:37.637  INFO 8904 --- [http-nio-8080-exec-1] o.h.h.i.QueryTranslatorFactoryInitiator  : HHH000397: Using ASTQueryTranslatorFactory
2019-05-14 14:39:18.031  INFO 6888 --- [main] c.c.przychodnia.PrzychodniaApplication   : Starting PrzychodniaApplication on DESKTOP-K74ILC1 with PID 6888 (D:\przychodnia\przychodnia\target\classes started by Uzytkownik in D:\przychodnia\przychodnia)
2019-05-14 14:39:18.156  INFO 6888 --- [main] c.c.przychodnia.PrzychodniaApplication   : No active profile set, falling back to default profiles: default
2019-05-14 14:39:19.391  INFO 6888 --- [main] ConfigServletWebServerApplicationContext : Refreshing org.springframework.boot.web.servlet.context.AnnotationConfigServletWebServerApplicationContext@e50ce6: startup date [Tue May 14 14:39:19 CEST 2019]; root of context hierarchy
2019-05-14 14:39:25.625  INFO 6888 --- [main] trationDelegate$BeanPostProcessorChecker : Bean 'org.springframework.transaction.annotation.ProxyTransactionManagementConfiguration' of type [org.springframework.transaction.annotation.ProxyTransactionManagementConfiguration$$EnhancerBySpringCGLIB$$a5c82de5] is not eligible for getting processed by all BeanPostProcessors (for example: not eligible for auto-proxying)
2019-05-14 14:39:27.406  INFO 6888 --- [main] o.s.b.w.embedded.tomcat.TomcatWebServer  : Tomcat initialized with port(s): 8080 (http)
2019-05-14 14:39:27.515  INFO 6888 --- [main] o.apache.catalina.core.StandardService   : Starting service [Tomcat]
2019-05-14 14:39:27.515  INFO 6888 --- [main] org.apache.catalina.core.StandardEngine  : Starting Servlet Engine: Apache Tomcat/8.5.31
2019-05-14 14:39:27.547  INFO 6888 --- [localhost-startStop-1] o.a.catalina.core.AprLifecycleListener   : The APR based Apache Tomcat Native library which allows optimal performance in production environments was not found on the java.library.path: [C:\Program Files\Java\jdk1.8.0_101\bin;C:\WINDOWS\Sun\Java\bin;C:\WINDOWS\system32;C:\WINDOWS;C:\ProgramData\Oracle\Java\javapath;C:\WINDOWS\system32;C:\WINDOWS;C:\WINDOWS\System32\Wbem;C:\WINDOWS\System32\WindowsPowerShell\v1.0\;C:\Program Files\Java\jdk1.8.0_101\bin;D:\Program Files\Heroku\bin;C:\Program Files\git\cmd;C:\Program Files\Git\cmd;D:\gradle-4.4\bin;D:\Program Files\Cloud Foundry;C:\WINDOWS\System32\OpenSSH\;D:\apache-maven-3.3.9\bin;C:\Users\Uzytkownik\AppData\Local\Microsoft\WindowsApps;;.]
2019-05-14 14:39:31.687  INFO 6888 --- [localhost-startStop-1] o.a.c.c.C.[Tomcat].[localhost].[/]       : Initializing Spring embedded WebApplicationContext
2019-05-14 14:39:31.703  INFO 6888 --- [localhost-startStop-1] o.s.web.context.ContextLoader            : Root WebApplicationContext: initialization completed in 12312 ms
2019-05-14 14:39:32.250  INFO 6888 --- [localhost-startStop-1] o.s.b.w.servlet.ServletRegistrationBean  : Servlet dispatcherServlet mapped to [/]
2019-05-14 14:39:32.281  INFO 6888 --- [localhost-startStop-1] o.s.b.w.servlet.FilterRegistrationBean   : Mapping filter: 'characterEncodingFilter' to: [/*]
2019-05-14 14:39:32.281  INFO 6888 --- [localhost-startStop-1] o.s.b.w.servlet.FilterRegistrationBean   : Mapping filter: 'hiddenHttpMethodFilter' to: [/*]
2019-05-14 14:39:32.281  INFO 6888 --- [localhost-startStop-1] o.s.b.w.servlet.FilterRegistrationBean   : Mapping filter: 'httpPutFormContentFilter' to: [/*]
2019-05-14 14:39:32.281  INFO 6888 --- [localhost-startStop-1] o.s.b.w.servlet.FilterRegistrationBean   : Mapping filter: 'requestContextFilter' to: [/*]
2019-05-14 14:39:33.265  INFO 6888 --- [main] com.zaxxer.hikari.HikariDataSource       : HikariPool-1 - Starting...
2019-05-14 14:39:34.546  INFO 6888 --- [main] com.zaxxer.hikari.HikariDataSource       : HikariPool-1 - Start completed.
2019-05-14 14:39:34.812  INFO 6888 --- [main] j.LocalContainerEntityManagerFactoryBean : Building JPA container EntityManagerFactory for persistence unit 'default'
2019-05-14 14:39:34.937  INFO 6888 --- [main] o.hibernate.jpa.internal.util.LogHelper  : HHH000204: Processing PersistenceUnitInfo [
	name: default
	...]
2019-05-14 14:39:35.421  INFO 6888 --- [main] org.hibernate.Version                    : HHH000412: Hibernate Core {5.2.17.Final}
2019-05-14 14:39:35.437  INFO 6888 --- [main] org.hibernate.cfg.Environment            : HHH000206: hibernate.properties not found
2019-05-14 14:39:35.718  INFO 6888 --- [main] o.hibernate.annotations.common.Version   : HCANN000001: Hibernate Commons Annotations {5.0.1.Final}
2019-05-14 14:39:36.734  INFO 6888 --- [main] org.hibernate.dialect.Dialect            : HHH000400: Using dialect: org.hibernate.dialect.H2Dialect
2019-05-14 14:39:40.281  INFO 6888 --- [main] o.h.t.schema.internal.SchemaCreatorImpl  : HHH000476: Executing import script 'org.hibernate.tool.schema.internal.exec.ScriptSourceInputNonExistentImpl@45f03e'
2019-05-14 14:39:40.296  INFO 6888 --- [main] j.LocalContainerEntityManagerFactoryBean : Initialized JPA EntityManagerFactory for persistence unit 'default'
2019-05-14 14:39:41.874  INFO 6888 --- [main] o.s.w.s.handler.SimpleUrlHandlerMapping  : Mapped URL path [/**/favicon.ico] onto handler of type [class org.springframework.web.servlet.resource.ResourceHttpRequestHandler]
2019-05-14 14:39:43.077  INFO 6888 --- [main] s.w.s.m.m.a.RequestMappingHandlerAdapter : Looking for @ControllerAdvice: org.springframework.boot.web.servlet.context.AnnotationConfigServletWebServerApplicationContext@e50ce6: startup date [Tue May 14 14:39:19 CEST 2019]; root of context hierarchy
2019-05-14 14:39:43.390  WARN 6888 --- [main] aWebConfiguration$JpaWebMvcConfiguration : spring.jpa.open-in-view is enabled by default. Therefore, database queries may be performed during view rendering. Explicitly configure spring.jpa.open-in-view to disable this warning
2019-05-14 14:39:43.952  INFO 6888 --- [main] s.w.s.m.m.a.RequestMappingHandlerMapping : Mapped "{[/aktualnosci],methods=[GET]}" onto public java.lang.String com.company.przychodnia.controller.PrzychodniaController.aktualnosci(org.springframework.ui.Model)
2019-05-14 14:39:43.952  INFO 6888 --- [main] s.w.s.m.m.a.RequestMappingHandlerMapping : Mapped "{[/kontakt],methods=[GET]}" onto public java.lang.String com.company.przychodnia.controller.PrzychodniaController.kontakt()
2019-05-14 14:39:43.952  INFO 6888 --- [main] s.w.s.m.m.a.RequestMappingHandlerMapping : Mapped "{[/],methods=[GET]}" onto public java.lang.String com.company.przychodnia.controller.PrzychodniaController.homePage(org.springframework.ui.Model)
2019-05-14 14:39:43.952  INFO 6888 --- [main] s.w.s.m.m.a.RequestMappingHandlerMapping : Mapped "{[/oferta],methods=[GET]}" onto public java.lang.String com.company.przychodnia.controller.PrzychodniaController.oferta()
2019-05-14 14:39:43.984  INFO 6888 --- [main] s.w.s.m.m.a.RequestMappingHandlerMapping : Mapped "{[/wiadomosci/dodaj],methods=[POST]}" onto public java.lang.String com.company.przychodnia.controller.WiadomosciController.dodajWiadomosc(com.company.przychodnia.domain.Wiadomosc)
2019-05-14 14:39:43.984  INFO 6888 --- [main] s.w.s.m.m.a.RequestMappingHandlerMapping : Mapped "{[/wiadomosci/usun/{id}],methods=[GET]}" onto public java.lang.String com.company.przychodnia.controller.WiadomosciController.usunWiadomosc(java.lang.String)
2019-05-14 14:39:43.984  INFO 6888 --- [main] s.w.s.m.m.a.RequestMappingHandlerMapping : Mapped "{[/wiadomosci],methods=[GET]}" onto public java.lang.String com.company.przychodnia.controller.WiadomosciController.wyswietlWiadomosci(org.springframework.ui.Model)
2019-05-14 14:39:43.984  INFO 6888 --- [main] s.w.s.m.m.a.RequestMappingHandlerMapping : Mapped "{[/wiadomosci/dodaj],methods=[GET]}" onto public java.lang.String com.company.przychodnia.controller.WiadomosciController.dodajWiadomoscFormularz(org.springframework.ui.Model)
2019-05-14 14:39:43.984  INFO 6888 --- [main] s.w.s.m.m.a.RequestMappingHandlerMapping : Mapped "{[/wiadomosci/zmien/{id}],methods=[GET]}" onto public java.lang.String com.company.przychodnia.controller.WiadomosciController.dodajWiadomoscFormularz(java.lang.String,org.springframework.ui.Model)
2019-05-14 14:39:43.999  INFO 6888 --- [main] s.w.s.m.m.a.RequestMappingHandlerMapping : Mapped "{[/error]}" onto public org.springframework.http.ResponseEntity<java.util.Map<java.lang.String, java.lang.Object>> org.springframework.boot.autoconfigure.web.servlet.error.BasicErrorController.error(javax.servlet.http.HttpServletRequest)
2019-05-14 14:39:43.999  INFO 6888 --- [main] s.w.s.m.m.a.RequestMappingHandlerMapping : Mapped "{[/error],produces=[text/html]}" onto public org.springframework.web.servlet.ModelAndView org.springframework.boot.autoconfigure.web.servlet.error.BasicErrorController.errorHtml(javax.servlet.http.HttpServletRequest,javax.servlet.http.HttpServletResponse)
2019-05-14 14:39:44.109  INFO 6888 --- [main] o.s.w.s.handler.SimpleUrlHandlerMapping  : Mapped URL path [/webjars/**] onto handler of type [class org.springframework.web.servlet.resource.ResourceHttpRequestHandler]
2019-05-14 14:39:44.109  INFO 6888 --- [main] o.s.w.s.handler.SimpleUrlHandlerMapping  : Mapped URL path [/**] onto handler of type [class org.springframework.web.servlet.resource.ResourceHttpRequestHandler]
2019-05-14 14:39:44.905  INFO 6888 --- [main] o.s.b.a.w.s.WelcomePageHandlerMapping    : Adding welcome page template: index
2019-05-14 14:39:45.734  INFO 6888 --- [main] o.s.j.e.a.AnnotationMBeanExporter        : Registering beans for JMX exposure on startup
2019-05-14 14:39:45.749  INFO 6888 --- [main] o.s.j.e.a.AnnotationMBeanExporter        : Bean with name 'dataSource' has been autodetected for JMX exposure
2019-05-14 14:39:45.765  INFO 6888 --- [main] o.s.j.e.a.AnnotationMBeanExporter        : Located MBean 'dataSource': registering with JMX server as MBean [com.zaxxer.hikari:name=dataSource,type=HikariDataSource]
2019-05-14 14:39:46.030  INFO 6888 --- [main] o.s.b.w.embedded.tomcat.TomcatWebServer  : Tomcat started on port(s): 8080 (http) with context path ''
2019-05-14 14:39:46.062  INFO 6888 --- [main] c.c.przychodnia.PrzychodniaApplication   : Started PrzychodniaApplication in 30.515 seconds (JVM running for 34.708)
2019-05-14 14:39:46.359  INFO 6888 --- [main] com.company.przychodnia.DataLoader       : Dodano wiadomosci do bazy danych
2019-05-14 14:39:50.890  INFO 6888 --- [http-nio-8080-exec-1] o.a.c.c.C.[Tomcat].[localhost].[/]       : Initializing Spring FrameworkServlet 'dispatcherServlet'
2019-05-14 14:39:50.890  INFO 6888 --- [http-nio-8080-exec-1] o.s.web.servlet.DispatcherServlet        : FrameworkServlet 'dispatcherServlet': initialization started
2019-05-14 14:39:50.952  INFO 6888 --- [http-nio-8080-exec-1] o.s.web.servlet.DispatcherServlet        : FrameworkServlet 'dispatcherServlet': initialization completed in 62 ms
2019-05-14 14:39:51.265  INFO 6888 --- [http-nio-8080-exec-1] o.h.h.i.QueryTranslatorFactoryInitiator  : HHH000397: Using ASTQueryTranslatorFactory
2019-05-14 14:46:07.740  INFO 4056 --- [main] c.c.przychodnia.PrzychodniaApplication   : Starting PrzychodniaApplication on DESKTOP-K74ILC1 with PID 4056 (D:\przychodnia\przychodnia\target\classes started by Uzytkownik in D:\przychodnia\przychodnia)
2019-05-14 14:46:07.755  INFO 4056 --- [main] c.c.przychodnia.PrzychodniaApplication   : No active profile set, falling back to default profiles: default
2019-05-14 14:46:07.943  INFO 4056 --- [main] ConfigServletWebServerApplicationContext : Refreshing org.springframework.boot.web.servlet.context.AnnotationConfigServletWebServerApplicationContext@1b2283a: startup date [Tue May 14 14:46:07 CEST 2019]; root of context hierarchy
2019-05-14 14:46:12.224  INFO 4056 --- [main] trationDelegate$BeanPostProcessorChecker : Bean 'org.springframework.transaction.annotation.ProxyTransactionManagementConfiguration' of type [org.springframework.transaction.annotation.ProxyTransactionManagementConfiguration$$EnhancerBySpringCGLIB$$ba374c40] is not eligible for getting processed by all BeanPostProcessors (for example: not eligible for auto-proxying)
2019-05-14 14:46:13.833  INFO 4056 --- [main] o.s.b.w.embedded.tomcat.TomcatWebServer  : Tomcat initialized with port(s): 8080 (http)
2019-05-14 14:46:13.943  INFO 4056 --- [main] o.apache.catalina.core.StandardService   : Starting service [Tomcat]
2019-05-14 14:46:13.943  INFO 4056 --- [main] org.apache.catalina.core.StandardEngine  : Starting Servlet Engine: Apache Tomcat/8.5.31
2019-05-14 14:46:13.974  INFO 4056 --- [localhost-startStop-1] o.a.catalina.core.AprLifecycleListener   : The APR based Apache Tomcat Native library which allows optimal performance in production environments was not found on the java.library.path: [C:\Program Files\Java\jdk1.8.0_101\bin;C:\WINDOWS\Sun\Java\bin;C:\WINDOWS\system32;C:\WINDOWS;C:\ProgramData\Oracle\Java\javapath;C:\WINDOWS\system32;C:\WINDOWS;C:\WINDOWS\System32\Wbem;C:\WINDOWS\System32\WindowsPowerShell\v1.0\;C:\Program Files\Java\jdk1.8.0_101\bin;D:\Program Files\Heroku\bin;C:\Program Files\git\cmd;C:\Program Files\Git\cmd;D:\gradle-4.4\bin;D:\Program Files\Cloud Foundry;C:\WINDOWS\System32\OpenSSH\;D:\apache-maven-3.3.9\bin;C:\Users\Uzytkownik\AppData\Local\Microsoft\WindowsApps;;.]
2019-05-14 14:46:17.521  INFO 4056 --- [localhost-startStop-1] o.a.c.c.C.[Tomcat].[localhost].[/]       : Initializing Spring embedded WebApplicationContext
2019-05-14 14:46:17.521  INFO 4056 --- [localhost-startStop-1] o.s.web.context.ContextLoader            : Root WebApplicationContext: initialization completed in 9578 ms
2019-05-14 14:46:18.130  INFO 4056 --- [localhost-startStop-1] o.s.b.w.servlet.ServletRegistrationBean  : Servlet dispatcherServlet mapped to [/]
2019-05-14 14:46:18.146  INFO 4056 --- [localhost-startStop-1] o.s.b.w.servlet.FilterRegistrationBean   : Mapping filter: 'characterEncodingFilter' to: [/*]
2019-05-14 14:46:18.146  INFO 4056 --- [localhost-startStop-1] o.s.b.w.servlet.FilterRegistrationBean   : Mapping filter: 'hiddenHttpMethodFilter' to: [/*]
2019-05-14 14:46:18.146  INFO 4056 --- [localhost-startStop-1] o.s.b.w.servlet.FilterRegistrationBean   : Mapping filter: 'httpPutFormContentFilter' to: [/*]
2019-05-14 14:46:18.146  INFO 4056 --- [localhost-startStop-1] o.s.b.w.servlet.FilterRegistrationBean   : Mapping filter: 'requestContextFilter' to: [/*]
2019-05-14 14:46:18.911  INFO 4056 --- [main] com.zaxxer.hikari.HikariDataSource       : HikariPool-1 - Starting...
2019-05-14 14:46:19.661  INFO 4056 --- [main] com.zaxxer.hikari.HikariDataSource       : HikariPool-1 - Start completed.
2019-05-14 14:46:19.880  INFO 4056 --- [main] j.LocalContainerEntityManagerFactoryBean : Building JPA container EntityManagerFactory for persistence unit 'default'
2019-05-14 14:46:20.036  INFO 4056 --- [main] o.hibernate.jpa.internal.util.LogHelper  : HHH000204: Processing PersistenceUnitInfo [
	name: default
	...]
2019-05-14 14:46:20.489  INFO 4056 --- [main] org.hibernate.Version                    : HHH000412: Hibernate Core {5.2.17.Final}
2019-05-14 14:46:20.505  INFO 4056 --- [main] org.hibernate.cfg.Environment            : HHH000206: hibernate.properties not found
2019-05-14 14:46:20.739  INFO 4056 --- [main] o.hibernate.annotations.common.Version   : HCANN000001: Hibernate Commons Annotations {5.0.1.Final}
2019-05-14 14:46:21.458  INFO 4056 --- [main] org.hibernate.dialect.Dialect            : HHH000400: Using dialect: org.hibernate.dialect.H2Dialect
2019-05-14 14:46:23.692  INFO 4056 --- [main] o.h.t.schema.internal.SchemaCreatorImpl  : HHH000476: Executing import script 'org.hibernate.tool.schema.internal.exec.ScriptSourceInputNonExistentImpl@139cd1c'
2019-05-14 14:46:23.708  INFO 4056 --- [main] j.LocalContainerEntityManagerFactoryBean : Initialized JPA EntityManagerFactory for persistence unit 'default'
2019-05-14 14:46:25.114  INFO 4056 --- [main] o.s.w.s.handler.SimpleUrlHandlerMapping  : Mapped URL path [/**/favicon.ico] onto handler of type [class org.springframework.web.servlet.resource.ResourceHttpRequestHandler]
2019-05-14 14:46:26.021  INFO 4056 --- [main] s.w.s.m.m.a.RequestMappingHandlerAdapter : Looking for @ControllerAdvice: org.springframework.boot.web.servlet.context.AnnotationConfigServletWebServerApplicationContext@1b2283a: startup date [Tue May 14 14:46:07 CEST 2019]; root of context hierarchy
2019-05-14 14:46:26.208  WARN 4056 --- [main] aWebConfiguration$JpaWebMvcConfiguration : spring.jpa.open-in-view is enabled by default. Therefore, database queries may be performed during view rendering. Explicitly configure spring.jpa.open-in-view to disable this warning
2019-05-14 14:46:26.348  INFO 4056 --- [main] s.w.s.m.m.a.RequestMappingHandlerMapping : Mapped "{[/aktualnosci],methods=[GET]}" onto public java.lang.String com.company.przychodnia.controller.PrzychodniaController.aktualnosci(org.springframework.ui.Model)
2019-05-14 14:46:26.348  INFO 4056 --- [main] s.w.s.m.m.a.RequestMappingHandlerMapping : Mapped "{[/oferta],methods=[GET]}" onto public java.lang.String com.company.przychodnia.controller.PrzychodniaController.oferta()
2019-05-14 14:46:26.348  INFO 4056 --- [main] s.w.s.m.m.a.RequestMappingHandlerMapping : Mapped "{[/kontakt],methods=[GET]}" onto public java.lang.String com.company.przychodnia.controller.PrzychodniaController.kontakt()
2019-05-14 14:46:26.348  INFO 4056 --- [main] s.w.s.m.m.a.RequestMappingHandlerMapping : Mapped "{[/],methods=[GET]}" onto public java.lang.String com.company.przychodnia.controller.PrzychodniaController.homePage(org.springframework.ui.Model)
2019-05-14 14:46:26.364  INFO 4056 --- [main] s.w.s.m.m.a.RequestMappingHandlerMapping : Mapped "{[/wiadomosci/usun/{id}],methods=[GET]}" onto public java.lang.String com.company.przychodnia.controller.WiadomosciController.usunWiadomosc(java.lang.String)
2019-05-14 14:46:26.364  INFO 4056 --- [main] s.w.s.m.m.a.RequestMappingHandlerMapping : Mapped "{[/wiadomosci/dodaj],methods=[POST]}" onto public java.lang.String com.company.przychodnia.controller.WiadomosciController.dodajWiadomosc(com.company.przychodnia.domain.Wiadomosc)
2019-05-14 14:46:26.364  INFO 4056 --- [main] s.w.s.m.m.a.RequestMappingHandlerMapping : Mapped "{[/wiadomosci/dodaj],methods=[GET]}" onto public java.lang.String com.company.przychodnia.controller.WiadomosciController.dodajWiadomoscFormularz(org.springframework.ui.Model)
2019-05-14 14:46:26.364  INFO 4056 --- [main] s.w.s.m.m.a.RequestMappingHandlerMapping : Mapped "{[/wiadomosci/zmien/{id}],methods=[GET]}" onto public java.lang.String com.company.przychodnia.controller.WiadomosciController.dodajWiadomoscFormularz(java.lang.String,org.springframework.ui.Model)
2019-05-14 14:46:26.364  INFO 4056 --- [main] s.w.s.m.m.a.RequestMappingHandlerMapping : Mapped "{[/wiadomosci],methods=[GET]}" onto public java.lang.String com.company.przychodnia.controller.WiadomosciController.wyswietlWiadomosci(org.springframework.ui.Model)
2019-05-14 14:46:26.380  INFO 4056 --- [main] s.w.s.m.m.a.RequestMappingHandlerMapping : Mapped "{[/error]}" onto public org.springframework.http.ResponseEntity<java.util.Map<java.lang.String, java.lang.Object>> org.springframework.boot.autoconfigure.web.servlet.error.BasicErrorController.error(javax.servlet.http.HttpServletRequest)
2019-05-14 14:46:26.380  INFO 4056 --- [main] s.w.s.m.m.a.RequestMappingHandlerMapping : Mapped "{[/error],produces=[text/html]}" onto public org.springframework.web.servlet.ModelAndView org.springframework.boot.autoconfigure.web.servlet.error.BasicErrorController.errorHtml(javax.servlet.http.HttpServletRequest,javax.servlet.http.HttpServletResponse)
2019-05-14 14:46:26.489  INFO 4056 --- [main] o.s.w.s.handler.SimpleUrlHandlerMapping  : Mapped URL path [/webjars/**] onto handler of type [class org.springframework.web.servlet.resource.ResourceHttpRequestHandler]
2019-05-14 14:46:26.489  INFO 4056 --- [main] o.s.w.s.handler.SimpleUrlHandlerMapping  : Mapped URL path [/**] onto handler of type [class org.springframework.web.servlet.resource.ResourceHttpRequestHandler]
2019-05-14 14:46:26.942  INFO 4056 --- [main] o.s.b.a.w.s.WelcomePageHandlerMapping    : Adding welcome page template: index
2019-05-14 14:46:27.927  INFO 4056 --- [main] o.s.j.e.a.AnnotationMBeanExporter        : Registering beans for JMX exposure on startup
2019-05-14 14:46:27.942  INFO 4056 --- [main] o.s.j.e.a.AnnotationMBeanExporter        : Bean with name 'dataSource' has been autodetected for JMX exposure
2019-05-14 14:46:27.958  INFO 4056 --- [main] o.s.j.e.a.AnnotationMBeanExporter        : Located MBean 'dataSource': registering with JMX server as MBean [com.zaxxer.hikari:name=dataSource,type=HikariDataSource]
2019-05-14 14:46:28.067  INFO 4056 --- [main] o.s.b.w.embedded.tomcat.TomcatWebServer  : Tomcat started on port(s): 8080 (http) with context path ''
2019-05-14 14:46:28.067  INFO 4056 --- [main] c.c.przychodnia.PrzychodniaApplication   : Started PrzychodniaApplication in 22.187 seconds (JVM running for 27.995)
2019-05-14 14:46:28.348  INFO 4056 --- [main] com.company.przychodnia.DataLoader       : Dodano wiadomosci do bazy danych
2019-05-14 14:52:08.578  INFO 4056 --- [http-nio-8080-exec-2] o.a.c.c.C.[Tomcat].[localhost].[/]       : Initializing Spring FrameworkServlet 'dispatcherServlet'
2019-05-14 14:52:08.578  INFO 4056 --- [http-nio-8080-exec-2] o.s.web.servlet.DispatcherServlet        : FrameworkServlet 'dispatcherServlet': initialization started
2019-05-14 14:52:08.640  INFO 4056 --- [http-nio-8080-exec-2] o.s.web.servlet.DispatcherServlet        : FrameworkServlet 'dispatcherServlet': initialization completed in 47 ms
2019-05-14 14:52:09.218  INFO 4056 --- [http-nio-8080-exec-2] o.h.h.i.QueryTranslatorFactoryInitiator  : HHH000397: Using ASTQueryTranslatorFactory
2019-05-14 15:02:10.369  INFO 8764 --- [main] c.c.przychodnia.PrzychodniaApplication   : Starting PrzychodniaApplication on DESKTOP-K74ILC1 with PID 8764 (D:\przychodnia\przychodnia\target\classes started by Uzytkownik in D:\przychodnia\przychodnia)
2019-05-14 15:02:10.385  INFO 8764 --- [main] c.c.przychodnia.PrzychodniaApplication   : No active profile set, falling back to default profiles: default
2019-05-14 15:02:10.619  INFO 8764 --- [main] ConfigServletWebServerApplicationContext : Refreshing org.springframework.boot.web.servlet.context.AnnotationConfigServletWebServerApplicationContext@908cc0: startup date [Tue May 14 15:02:10 CEST 2019]; root of context hierarchy
2019-05-14 15:02:14.979  INFO 8764 --- [main] trationDelegate$BeanPostProcessorChecker : Bean 'org.springframework.transaction.annotation.ProxyTransactionManagementConfiguration' of type [org.springframework.transaction.annotation.ProxyTransactionManagementConfiguration$$EnhancerBySpringCGLIB$$ba374c40] is not eligible for getting processed by all BeanPostProcessors (for example: not eligible for auto-proxying)
2019-05-14 15:02:16.510  INFO 8764 --- [main] o.s.b.w.embedded.tomcat.TomcatWebServer  : Tomcat initialized with port(s): 8080 (http)
2019-05-14 15:02:16.619  INFO 8764 --- [main] o.apache.catalina.core.StandardService   : Starting service [Tomcat]
2019-05-14 15:02:16.619  INFO 8764 --- [main] org.apache.catalina.core.StandardEngine  : Starting Servlet Engine: Apache Tomcat/8.5.31
2019-05-14 15:02:16.666  INFO 8764 --- [localhost-startStop-1] o.a.catalina.core.AprLifecycleListener   : The APR based Apache Tomcat Native library which allows optimal performance in production environments was not found on the java.library.path: [C:\Program Files\Java\jdk1.8.0_101\bin;C:\WINDOWS\Sun\Java\bin;C:\WINDOWS\system32;C:\WINDOWS;C:\ProgramData\Oracle\Java\javapath;C:\WINDOWS\system32;C:\WINDOWS;C:\WINDOWS\System32\Wbem;C:\WINDOWS\System32\WindowsPowerShell\v1.0\;C:\Program Files\Java\jdk1.8.0_101\bin;D:\Program Files\Heroku\bin;C:\Program Files\git\cmd;C:\Program Files\Git\cmd;D:\gradle-4.4\bin;D:\Program Files\Cloud Foundry;C:\WINDOWS\System32\OpenSSH\;D:\apache-maven-3.3.9\bin;C:\Users\Uzytkownik\AppData\Local\Microsoft\WindowsApps;;.]
2019-05-14 15:02:20.557  INFO 8764 --- [localhost-startStop-1] o.a.c.c.C.[Tomcat].[localhost].[/]       : Initializing Spring embedded WebApplicationContext
2019-05-14 15:02:20.557  INFO 8764 --- [localhost-startStop-1] o.s.web.context.ContextLoader            : Root WebApplicationContext: initialization completed in 9938 ms
2019-05-14 15:02:21.103  INFO 8764 --- [localhost-startStop-1] o.s.b.w.servlet.ServletRegistrationBean  : Servlet dispatcherServlet mapped to [/]
2019-05-14 15:02:21.119  INFO 8764 --- [localhost-startStop-1] o.s.b.w.servlet.FilterRegistrationBean   : Mapping filter: 'characterEncodingFilter' to: [/*]
2019-05-14 15:02:21.119  INFO 8764 --- [localhost-startStop-1] o.s.b.w.servlet.FilterRegistrationBean   : Mapping filter: 'hiddenHttpMethodFilter' to: [/*]
2019-05-14 15:02:21.119  INFO 8764 --- [localhost-startStop-1] o.s.b.w.servlet.FilterRegistrationBean   : Mapping filter: 'httpPutFormContentFilter' to: [/*]
2019-05-14 15:02:21.119  INFO 8764 --- [localhost-startStop-1] o.s.b.w.servlet.FilterRegistrationBean   : Mapping filter: 'requestContextFilter' to: [/*]
2019-05-14 15:02:21.931  INFO 8764 --- [main] com.zaxxer.hikari.HikariDataSource       : HikariPool-1 - Starting...
2019-05-14 15:02:22.697  INFO 8764 --- [main] com.zaxxer.hikari.HikariDataSource       : HikariPool-1 - Start completed.
2019-05-14 15:02:22.916  INFO 8764 --- [main] j.LocalContainerEntityManagerFactoryBean : Building JPA container EntityManagerFactory for persistence unit 'default'
2019-05-14 15:02:23.010  INFO 8764 --- [main] o.hibernate.jpa.internal.util.LogHelper  : HHH000204: Processing PersistenceUnitInfo [
	name: default
	...]
2019-05-14 15:02:23.447  INFO 8764 --- [main] org.hibernate.Version                    : HHH000412: Hibernate Core {5.2.17.Final}
2019-05-14 15:02:23.447  INFO 8764 --- [main] org.hibernate.cfg.Environment            : HHH000206: hibernate.properties not found
2019-05-14 15:02:23.650  INFO 8764 --- [main] o.hibernate.annotations.common.Version   : HCANN000001: Hibernate Commons Annotations {5.0.1.Final}
2019-05-14 15:02:24.556  INFO 8764 --- [main] org.hibernate.dialect.Dialect            : HHH000400: Using dialect: org.hibernate.dialect.H2Dialect
2019-05-14 15:02:28.666  INFO 8764 --- [main] o.h.t.schema.internal.SchemaCreatorImpl  : HHH000476: Executing import script 'org.hibernate.tool.schema.internal.exec.ScriptSourceInputNonExistentImpl@999517'
2019-05-14 15:02:28.681  INFO 8764 --- [main] j.LocalContainerEntityManagerFactoryBean : Initialized JPA EntityManagerFactory for persistence unit 'default'
2019-05-14 15:02:31.124  INFO 8764 --- [main] o.s.w.s.handler.SimpleUrlHandlerMapping  : Mapped URL path [/**/favicon.ico] onto handler of type [class org.springframework.web.servlet.resource.ResourceHttpRequestHandler]
2019-05-14 15:02:32.781  INFO 8764 --- [main] s.w.s.m.m.a.RequestMappingHandlerAdapter : Looking for @ControllerAdvice: org.springframework.boot.web.servlet.context.AnnotationConfigServletWebServerApplicationContext@908cc0: startup date [Tue May 14 15:02:10 CEST 2019]; root of context hierarchy
2019-05-14 15:02:33.249  WARN 8764 --- [main] aWebConfiguration$JpaWebMvcConfiguration : spring.jpa.open-in-view is enabled by default. Therefore, database queries may be performed during view rendering. Explicitly configure spring.jpa.open-in-view to disable this warning
2019-05-14 15:02:33.484  INFO 8764 --- [main] s.w.s.m.m.a.RequestMappingHandlerMapping : Mapped "{[/aktualnosci],methods=[GET]}" onto public java.lang.String com.company.przychodnia.controller.PrzychodniaController.aktualnosci(org.springframework.ui.Model)
2019-05-14 15:02:33.499  INFO 8764 --- [main] s.w.s.m.m.a.RequestMappingHandlerMapping : Mapped "{[/oferta],methods=[GET]}" onto public java.lang.String com.company.przychodnia.controller.PrzychodniaController.oferta()
2019-05-14 15:02:33.499  INFO 8764 --- [main] s.w.s.m.m.a.RequestMappingHandlerMapping : Mapped "{[/],methods=[GET]}" onto public java.lang.String com.company.przychodnia.controller.PrzychodniaController.homePage(org.springframework.ui.Model)
2019-05-14 15:02:33.499  INFO 8764 --- [main] s.w.s.m.m.a.RequestMappingHandlerMapping : Mapped "{[/kontakt],methods=[GET]}" onto public java.lang.String com.company.przychodnia.controller.PrzychodniaController.kontakt()
2019-05-14 15:02:33.515  INFO 8764 --- [main] s.w.s.m.m.a.RequestMappingHandlerMapping : Mapped "{[/wiadomosci/dodaj],methods=[POST]}" onto public java.lang.String com.company.przychodnia.controller.WiadomosciController.dodajWiadomosc(com.company.przychodnia.domain.Wiadomosc)
2019-05-14 15:02:33.531  INFO 8764 --- [main] s.w.s.m.m.a.RequestMappingHandlerMapping : Mapped "{[/wiadomosci/usun/{id}],methods=[GET]}" onto public java.lang.String com.company.przychodnia.controller.WiadomosciController.usunWiadomosc(java.lang.String)
2019-05-14 15:02:33.531  INFO 8764 --- [main] s.w.s.m.m.a.RequestMappingHandlerMapping : Mapped "{[/wiadomosci/dodaj],methods=[GET]}" onto public java.lang.String com.company.przychodnia.controller.WiadomosciController.dodajWiadomoscFormularz(org.springframework.ui.Model)
2019-05-14 15:02:33.531  INFO 8764 --- [main] s.w.s.m.m.a.RequestMappingHandlerMapping : Mapped "{[/wiadomosci/zmien/{id}],methods=[GET]}" onto public java.lang.String com.company.przychodnia.controller.WiadomosciController.dodajWiadomoscFormularz(java.lang.String,org.springframework.ui.Model)
2019-05-14 15:02:33.531  INFO 8764 --- [main] s.w.s.m.m.a.RequestMappingHandlerMapping : Mapped "{[/wiadomosci],methods=[GET]}" onto public java.lang.String com.company.przychodnia.controller.WiadomosciController.wyswietlWiadomosci(org.springframework.ui.Model)
2019-05-14 15:02:33.546  INFO 8764 --- [main] s.w.s.m.m.a.RequestMappingHandlerMapping : Mapped "{[/error]}" onto public org.springframework.http.ResponseEntity<java.util.Map<java.lang.String, java.lang.Object>> org.springframework.boot.autoconfigure.web.servlet.error.BasicErrorController.error(javax.servlet.http.HttpServletRequest)
2019-05-14 15:02:33.546  INFO 8764 --- [main] s.w.s.m.m.a.RequestMappingHandlerMapping : Mapped "{[/error],produces=[text/html]}" onto public org.springframework.web.servlet.ModelAndView org.springframework.boot.autoconfigure.web.servlet.error.BasicErrorController.errorHtml(javax.servlet.http.HttpServletRequest,javax.servlet.http.HttpServletResponse)
2019-05-14 15:02:33.656  INFO 8764 --- [main] o.s.w.s.handler.SimpleUrlHandlerMapping  : Mapped URL path [/webjars/**] onto handler of type [class org.springframework.web.servlet.resource.ResourceHttpRequestHandler]
2019-05-14 15:02:33.656  INFO 8764 --- [main] o.s.w.s.handler.SimpleUrlHandlerMapping  : Mapped URL path [/**] onto handler of type [class org.springframework.web.servlet.resource.ResourceHttpRequestHandler]
2019-05-14 15:02:34.281  INFO 8764 --- [main] o.s.b.a.w.s.WelcomePageHandlerMapping    : Adding welcome page template: index
2019-05-14 15:02:35.265  INFO 8764 --- [main] o.s.j.e.a.AnnotationMBeanExporter        : Registering beans for JMX exposure on startup
2019-05-14 15:02:35.280  INFO 8764 --- [main] o.s.j.e.a.AnnotationMBeanExporter        : Bean with name 'dataSource' has been autodetected for JMX exposure
2019-05-14 15:02:35.312  INFO 8764 --- [main] o.s.j.e.a.AnnotationMBeanExporter        : Located MBean 'dataSource': registering with JMX server as MBean [com.zaxxer.hikari:name=dataSource,type=HikariDataSource]
2019-05-14 15:02:35.499  INFO 8764 --- [main] o.s.b.w.embedded.tomcat.TomcatWebServer  : Tomcat started on port(s): 8080 (http) with context path ''
2019-05-14 15:02:35.515  INFO 8764 --- [main] c.c.przychodnia.PrzychodniaApplication   : Started PrzychodniaApplication in 27.177 seconds (JVM running for 40.097)
2019-05-14 15:02:35.859  INFO 8764 --- [main] com.company.przychodnia.DataLoader       : Dodano wiadomosci do bazy danych
2019-05-14 15:02:44.890  INFO 8764 --- [http-nio-8080-exec-1] o.a.c.c.C.[Tomcat].[localhost].[/]       : Initializing Spring FrameworkServlet 'dispatcherServlet'
2019-05-14 15:02:44.890  INFO 8764 --- [http-nio-8080-exec-1] o.s.web.servlet.DispatcherServlet        : FrameworkServlet 'dispatcherServlet': initialization started
2019-05-14 15:02:45.202  INFO 8764 --- [http-nio-8080-exec-1] o.s.web.servlet.DispatcherServlet        : FrameworkServlet 'dispatcherServlet': initialization completed in 312 ms
2019-05-14 15:02:45.530  INFO 8764 --- [http-nio-8080-exec-1] o.h.h.i.QueryTranslatorFactoryInitiator  : HHH000397: Using ASTQueryTranslatorFactory
2019-05-14 15:05:45.280  INFO 2396 --- [main] c.c.przychodnia.PrzychodniaApplication   : Starting PrzychodniaApplication on DESKTOP-K74ILC1 with PID 2396 (D:\przychodnia\przychodnia\target\classes started by Uzytkownik in D:\przychodnia\przychodnia)
2019-05-14 15:05:45.295  INFO 2396 --- [main] c.c.przychodnia.PrzychodniaApplication   : No active profile set, falling back to default profiles: default
2019-05-14 15:05:45.514  INFO 2396 --- [main] ConfigServletWebServerApplicationContext : Refreshing org.springframework.boot.web.servlet.context.AnnotationConfigServletWebServerApplicationContext@73d930: startup date [Tue May 14 15:05:45 CEST 2019]; root of context hierarchy
2019-05-14 15:05:51.076  INFO 2396 --- [main] trationDelegate$BeanPostProcessorChecker : Bean 'org.springframework.transaction.annotation.ProxyTransactionManagementConfiguration' of type [org.springframework.transaction.annotation.ProxyTransactionManagementConfiguration$$EnhancerBySpringCGLIB$$ba374c40] is not eligible for getting processed by all BeanPostProcessors (for example: not eligible for auto-proxying)
2019-05-14 15:05:52.842  INFO 2396 --- [main] o.s.b.w.embedded.tomcat.TomcatWebServer  : Tomcat initialized with port(s): 8080 (http)
2019-05-14 15:05:52.951  INFO 2396 --- [main] o.apache.catalina.core.StandardService   : Starting service [Tomcat]
2019-05-14 15:05:52.951  INFO 2396 --- [main] org.apache.catalina.core.StandardEngine  : Starting Servlet Engine: Apache Tomcat/8.5.31
2019-05-14 15:05:52.998  INFO 2396 --- [localhost-startStop-1] o.a.catalina.core.AprLifecycleListener   : The APR based Apache Tomcat Native library which allows optimal performance in production environments was not found on the java.library.path: [C:\Program Files\Java\jdk1.8.0_101\bin;C:\WINDOWS\Sun\Java\bin;C:\WINDOWS\system32;C:\WINDOWS;C:\ProgramData\Oracle\Java\javapath;C:\WINDOWS\system32;C:\WINDOWS;C:\WINDOWS\System32\Wbem;C:\WINDOWS\System32\WindowsPowerShell\v1.0\;C:\Program Files\Java\jdk1.8.0_101\bin;D:\Program Files\Heroku\bin;C:\Program Files\git\cmd;C:\Program Files\Git\cmd;D:\gradle-4.4\bin;D:\Program Files\Cloud Foundry;C:\WINDOWS\System32\OpenSSH\;D:\apache-maven-3.3.9\bin;C:\Users\Uzytkownik\AppData\Local\Microsoft\WindowsApps;;.]
2019-05-14 15:05:57.186  INFO 2396 --- [localhost-startStop-1] o.a.c.c.C.[Tomcat].[localhost].[/]       : Initializing Spring embedded WebApplicationContext
2019-05-14 15:05:57.186  INFO 2396 --- [localhost-startStop-1] o.s.web.context.ContextLoader            : Root WebApplicationContext: initialization completed in 11672 ms
2019-05-14 15:05:57.748  INFO 2396 --- [localhost-startStop-1] o.s.b.w.servlet.ServletRegistrationBean  : Servlet dispatcherServlet mapped to [/]
2019-05-14 15:05:57.764  INFO 2396 --- [localhost-startStop-1] o.s.b.w.servlet.FilterRegistrationBean   : Mapping filter: 'characterEncodingFilter' to: [/*]
2019-05-14 15:05:57.764  INFO 2396 --- [localhost-startStop-1] o.s.b.w.servlet.FilterRegistrationBean   : Mapping filter: 'hiddenHttpMethodFilter' to: [/*]
2019-05-14 15:05:57.764  INFO 2396 --- [localhost-startStop-1] o.s.b.w.servlet.FilterRegistrationBean   : Mapping filter: 'httpPutFormContentFilter' to: [/*]
2019-05-14 15:05:57.764  INFO 2396 --- [localhost-startStop-1] o.s.b.w.servlet.FilterRegistrationBean   : Mapping filter: 'requestContextFilter' to: [/*]
2019-05-14 15:05:58.482  INFO 2396 --- [main] com.zaxxer.hikari.HikariDataSource       : HikariPool-1 - Starting...
2019-05-14 15:05:59.342  INFO 2396 --- [main] com.zaxxer.hikari.HikariDataSource       : HikariPool-1 - Start completed.
2019-05-14 15:05:59.560  INFO 2396 --- [main] j.LocalContainerEntityManagerFactoryBean : Building JPA container EntityManagerFactory for persistence unit 'default'
2019-05-14 15:05:59.685  INFO 2396 --- [main] o.hibernate.jpa.internal.util.LogHelper  : HHH000204: Processing PersistenceUnitInfo [
	name: default
	...]
2019-05-14 15:06:00.185  INFO 2396 --- [main] org.hibernate.Version                    : HHH000412: Hibernate Core {5.2.17.Final}
2019-05-14 15:06:00.201  INFO 2396 --- [main] org.hibernate.cfg.Environment            : HHH000206: hibernate.properties not found
2019-05-14 15:06:00.467  INFO 2396 --- [main] o.hibernate.annotations.common.Version   : HCANN000001: Hibernate Commons Annotations {5.0.1.Final}
2019-05-14 15:06:01.232  INFO 2396 --- [main] org.hibernate.dialect.Dialect            : HHH000400: Using dialect: org.hibernate.dialect.H2Dialect
2019-05-14 15:06:03.607  INFO 2396 --- [main] o.h.t.schema.internal.SchemaCreatorImpl  : HHH000476: Executing import script 'org.hibernate.tool.schema.internal.exec.ScriptSourceInputNonExistentImpl@f7e376'
2019-05-14 15:06:03.623  INFO 2396 --- [main] j.LocalContainerEntityManagerFactoryBean : Initialized JPA EntityManagerFactory for persistence unit 'default'
2019-05-14 15:06:05.013  INFO 2396 --- [main] o.s.w.s.handler.SimpleUrlHandlerMapping  : Mapped URL path [/**/favicon.ico] onto handler of type [class org.springframework.web.servlet.resource.ResourceHttpRequestHandler]
2019-05-14 15:06:05.982  INFO 2396 --- [main] s.w.s.m.m.a.RequestMappingHandlerAdapter : Looking for @ControllerAdvice: org.springframework.boot.web.servlet.context.AnnotationConfigServletWebServerApplicationContext@73d930: startup date [Tue May 14 15:05:45 CEST 2019]; root of context hierarchy
2019-05-14 15:06:06.154  WARN 2396 --- [main] aWebConfiguration$JpaWebMvcConfiguration : spring.jpa.open-in-view is enabled by default. Therefore, database queries may be performed during view rendering. Explicitly configure spring.jpa.open-in-view to disable this warning
2019-05-14 15:06:06.295  INFO 2396 --- [main] s.w.s.m.m.a.RequestMappingHandlerMapping : Mapped "{[/aktualnosci],methods=[GET]}" onto public java.lang.String com.company.przychodnia.controller.PrzychodniaController.aktualnosci(org.springframework.ui.Model)
2019-05-14 15:06:06.295  INFO 2396 --- [main] s.w.s.m.m.a.RequestMappingHandlerMapping : Mapped "{[/oferta],methods=[GET]}" onto public java.lang.String com.company.przychodnia.controller.PrzychodniaController.oferta()
2019-05-14 15:06:06.295  INFO 2396 --- [main] s.w.s.m.m.a.RequestMappingHandlerMapping : Mapped "{[/kontakt],methods=[GET]}" onto public java.lang.String com.company.przychodnia.controller.PrzychodniaController.kontakt()
2019-05-14 15:06:06.295  INFO 2396 --- [main] s.w.s.m.m.a.RequestMappingHandlerMapping : Mapped "{[/],methods=[GET]}" onto public java.lang.String com.company.przychodnia.controller.PrzychodniaController.homePage(org.springframework.ui.Model)
2019-05-14 15:06:06.310  INFO 2396 --- [main] s.w.s.m.m.a.RequestMappingHandlerMapping : Mapped "{[/wiadomosci/zmien/{id}],methods=[GET]}" onto public java.lang.String com.company.przychodnia.controller.WiadomosciController.dodajWiadomoscFormularz(java.lang.String,org.springframework.ui.Model)
2019-05-14 15:06:06.310  INFO 2396 --- [main] s.w.s.m.m.a.RequestMappingHandlerMapping : Mapped "{[/wiadomosci/dodaj],methods=[GET]}" onto public java.lang.String com.company.przychodnia.controller.WiadomosciController.dodajWiadomoscFormularz(org.springframework.ui.Model)
2019-05-14 15:06:06.310  INFO 2396 --- [main] s.w.s.m.m.a.RequestMappingHandlerMapping : Mapped "{[/wiadomosci],methods=[GET]}" onto public java.lang.String com.company.przychodnia.controller.WiadomosciController.wyswietlWiadomosci(org.springframework.ui.Model)
2019-05-14 15:06:06.310  INFO 2396 --- [main] s.w.s.m.m.a.RequestMappingHandlerMapping : Mapped "{[/wiadomosci/dodaj],methods=[POST]}" onto public java.lang.String com.company.przychodnia.controller.WiadomosciController.dodajWiadomosc(com.company.przychodnia.domain.Wiadomosc)
2019-05-14 15:06:06.310  INFO 2396 --- [main] s.w.s.m.m.a.RequestMappingHandlerMapping : Mapped "{[/wiadomosci/usun/{id}],methods=[GET]}" onto public java.lang.String com.company.przychodnia.controller.WiadomosciController.usunWiadomosc(java.lang.String)
2019-05-14 15:06:06.326  INFO 2396 --- [main] s.w.s.m.m.a.RequestMappingHandlerMapping : Mapped "{[/error]}" onto public org.springframework.http.ResponseEntity<java.util.Map<java.lang.String, java.lang.Object>> org.springframework.boot.autoconfigure.web.servlet.error.BasicErrorController.error(javax.servlet.http.HttpServletRequest)
2019-05-14 15:06:06.326  INFO 2396 --- [main] s.w.s.m.m.a.RequestMappingHandlerMapping : Mapped "{[/error],produces=[text/html]}" onto public org.springframework.web.servlet.ModelAndView org.springframework.boot.autoconfigure.web.servlet.error.BasicErrorController.errorHtml(javax.servlet.http.HttpServletRequest,javax.servlet.http.HttpServletResponse)
2019-05-14 15:06:06.435  INFO 2396 --- [main] o.s.w.s.handler.SimpleUrlHandlerMapping  : Mapped URL path [/webjars/**] onto handler of type [class org.springframework.web.servlet.resource.ResourceHttpRequestHandler]
2019-05-14 15:06:06.435  INFO 2396 --- [main] o.s.w.s.handler.SimpleUrlHandlerMapping  : Mapped URL path [/**] onto handler of type [class org.springframework.web.servlet.resource.ResourceHttpRequestHandler]
2019-05-14 15:06:06.998  INFO 2396 --- [main] o.s.b.a.w.s.WelcomePageHandlerMapping    : Adding welcome page template: index
2019-05-14 15:06:08.154  INFO 2396 --- [main] o.s.j.e.a.AnnotationMBeanExporter        : Registering beans for JMX exposure on startup
2019-05-14 15:06:08.154  INFO 2396 --- [main] o.s.j.e.a.AnnotationMBeanExporter        : Bean with name 'dataSource' has been autodetected for JMX exposure
2019-05-14 15:06:08.201  INFO 2396 --- [main] o.s.j.e.a.AnnotationMBeanExporter        : Located MBean 'dataSource': registering with JMX server as MBean [com.zaxxer.hikari:name=dataSource,type=HikariDataSource]
2019-05-14 15:06:08.466  INFO 2396 --- [main] o.s.b.w.embedded.tomcat.TomcatWebServer  : Tomcat started on port(s): 8080 (http) with context path ''
2019-05-14 15:06:08.482  INFO 2396 --- [main] c.c.przychodnia.PrzychodniaApplication   : Started PrzychodniaApplication in 25.749 seconds (JVM running for 30.467)
2019-05-14 15:06:09.029  INFO 2396 --- [main] com.company.przychodnia.DataLoader       : Dodano wiadomosci do bazy danych
2019-05-14 15:07:36.001  INFO 2396 --- [http-nio-8080-exec-1] o.a.c.c.C.[Tomcat].[localhost].[/]       : Initializing Spring FrameworkServlet 'dispatcherServlet'
2019-05-14 15:07:36.048  INFO 2396 --- [http-nio-8080-exec-1] o.s.web.servlet.DispatcherServlet        : FrameworkServlet 'dispatcherServlet': initialization started
2019-05-14 15:07:36.157  INFO 2396 --- [http-nio-8080-exec-1] o.s.web.servlet.DispatcherServlet        : FrameworkServlet 'dispatcherServlet': initialization completed in 109 ms
2019-05-14 15:07:36.548  INFO 2396 --- [http-nio-8080-exec-1] o.h.h.i.QueryTranslatorFactoryInitiator  : HHH000397: Using ASTQueryTranslatorFactory
